This is pdfTeX, Version 3.14159265-2.6-1.40.18 (MiKTeX 2.9.6500 64-bit) (preloaded format=pdflatex 2017.11.11)  11 NOV 2017 13:41
entering extended mode
**./tesis.tex
(tesis.tex
LaTeX2e <2017-04-15>
Babel <3.15> and hyphenation patterns for 75 language(s) loaded.
("C:\Program Files\MiKTeX 2.9\tex\latex\base\article.cls"
Document Class: article 2014/09/29 v1.4h Standard LaTeX document class
("C:\Program Files\MiKTeX 2.9\tex\latex\base\size12.clo"
File: size12.clo 2014/09/29 v1.4h Standard LaTeX file (size option)
)
\c@part=\count79
\c@section=\count80
\c@subsection=\count81
\c@subsubsection=\count82
\c@paragraph=\count83
\c@subparagraph=\count84
\c@figure=\count85
\c@table=\count86
\abovecaptionskip=\skip41
\belowcaptionskip=\skip42
\bibindent=\dimen102
)
("C:\Program Files\MiKTeX 2.9\tex\generic\babel\babel.sty"
Package: babel 2017/11/03 3.15 The Babel package

("C:\Program Files\MiKTeX 2.9\tex\generic\babel\switch.def"
File: switch.def 2017/11/03 3.15 Babel switching mechanism
)
*************************************
* Local config file bblopts.cfg used
*
("C:\Program Files\MiKTeX 2.9\tex\latex\arabi\bblopts.cfg"
File: bblopts.cfg 2005/09/08 v0.1 add Arabic and Farsi to "declared" options of
 babel
)
("C:\Program Files\MiKTeX 2.9\tex\latex\babel-spanish\spanish.ldf"
Language: spanish.ldf 2016/03/03 v5.0p Spanish support from the babel system

("C:\Program Files\MiKTeX 2.9\tex\generic\babel\babel.def"
File: babel.def 2017/11/03 3.15 Babel common definitions

("C:\Program Files\MiKTeX 2.9\tex\generic\babel\switch.def"
File: switch.def 2017/11/03 3.15 Babel switching mechanism
)
\babel@savecnt=\count87
\U@D=\dimen103
)
\es@quottoks=\toks14
\es@quotdepth=\count88
Package babel Info: Making " an active character on input line 561.
Package babel Info: Making . an active character on input line 662.
Package babel Info: Making < an active character on input line 707.
Package babel Info: Making > an active character on input line 707.
))
LaTeX Info: Redefining \. on input line 3.
LaTeX Info: Redefining \% on input line 3.

("C:\Program Files\MiKTeX 2.9\tex\latex\base\inputenc.sty"
Package: inputenc 2015/03/17 v1.2c Input encoding file
\inpenc@prehook=\toks15
\inpenc@posthook=\toks16

("C:\Program Files\MiKTeX 2.9\tex\latex\base\utf8.def"
File: utf8.def 2017/01/28 v1.1t UTF-8 support for inputenc
Now handling font encoding OML ...
... no UTF-8 mapping file for font encoding OML
Now handling font encoding T1 ...
... processing UTF-8 mapping file for font encoding T1

("C:\Program Files\MiKTeX 2.9\tex\latex\base\t1enc.dfu"
File: t1enc.dfu 2017/01/28 v1.1t UTF-8 support for inputenc
   defining Unicode char U+00A0 (decimal 160)
   defining Unicode char U+00A1 (decimal 161)
   defining Unicode char U+00A3 (decimal 163)
   defining Unicode char U+00AB (decimal 171)
   defining Unicode char U+00AD (decimal 173)
   defining Unicode char U+00BB (decimal 187)
   defining Unicode char U+00BF (decimal 191)
   defining Unicode char U+00C0 (decimal 192)
   defining Unicode char U+00C1 (decimal 193)
   defining Unicode char U+00C2 (decimal 194)
   defining Unicode char U+00C3 (decimal 195)
   defining Unicode char U+00C4 (decimal 196)
   defining Unicode char U+00C5 (decimal 197)
   defining Unicode char U+00C6 (decimal 198)
   defining Unicode char U+00C7 (decimal 199)
   defining Unicode char U+00C8 (decimal 200)
   defining Unicode char U+00C9 (decimal 201)
   defining Unicode char U+00CA (decimal 202)
   defining Unicode char U+00CB (decimal 203)
   defining Unicode char U+00CC (decimal 204)
   defining Unicode char U+00CD (decimal 205)
   defining Unicode char U+00CE (decimal 206)
   defining Unicode char U+00CF (decimal 207)
   defining Unicode char U+00D0 (decimal 208)
   defining Unicode char U+00D1 (decimal 209)
   defining Unicode char U+00D2 (decimal 210)
   defining Unicode char U+00D3 (decimal 211)
   defining Unicode char U+00D4 (decimal 212)
   defining Unicode char U+00D5 (decimal 213)
   defining Unicode char U+00D6 (decimal 214)
   defining Unicode char U+00D8 (decimal 216)
   defining Unicode char U+00D9 (decimal 217)
   defining Unicode char U+00DA (decimal 218)
   defining Unicode char U+00DB (decimal 219)
   defining Unicode char U+00DC (decimal 220)
   defining Unicode char U+00DD (decimal 221)
   defining Unicode char U+00DE (decimal 222)
   defining Unicode char U+00DF (decimal 223)
   defining Unicode char U+00E0 (decimal 224)
   defining Unicode char U+00E1 (decimal 225)
   defining Unicode char U+00E2 (decimal 226)
   defining Unicode char U+00E3 (decimal 227)
   defining Unicode char U+00E4 (decimal 228)
   defining Unicode char U+00E5 (decimal 229)
   defining Unicode char U+00E6 (decimal 230)
   defining Unicode char U+00E7 (decimal 231)
   defining Unicode char U+00E8 (decimal 232)
   defining Unicode char U+00E9 (decimal 233)
   defining Unicode char U+00EA (decimal 234)
   defining Unicode char U+00EB (decimal 235)
   defining Unicode char U+00EC (decimal 236)
   defining Unicode char U+00ED (decimal 237)
   defining Unicode char U+00EE (decimal 238)
   defining Unicode char U+00EF (decimal 239)
   defining Unicode char U+00F0 (decimal 240)
   defining Unicode char U+00F1 (decimal 241)
   defining Unicode char U+00F2 (decimal 242)
   defining Unicode char U+00F3 (decimal 243)
   defining Unicode char U+00F4 (decimal 244)
   defining Unicode char U+00F5 (decimal 245)
   defining Unicode char U+00F6 (decimal 246)
   defining Unicode char U+00F8 (decimal 248)
   defining Unicode char U+00F9 (decimal 249)
   defining Unicode char U+00FA (decimal 250)
   defining Unicode char U+00FB (decimal 251)
   defining Unicode char U+00FC (decimal 252)
   defining Unicode char U+00FD (decimal 253)
   defining Unicode char U+00FE (decimal 254)
   defining Unicode char U+00FF (decimal 255)
   defining Unicode char U+0100 (decimal 256)
   defining Unicode char U+0101 (decimal 257)
   defining Unicode char U+0102 (decimal 258)
   defining Unicode char U+0103 (decimal 259)
   defining Unicode char U+0104 (decimal 260)
   defining Unicode char U+0105 (decimal 261)
   defining Unicode char U+0106 (decimal 262)
   defining Unicode char U+0107 (decimal 263)
   defining Unicode char U+0108 (decimal 264)
   defining Unicode char U+0109 (decimal 265)
   defining Unicode char U+010A (decimal 266)
   defining Unicode char U+010B (decimal 267)
   defining Unicode char U+010C (decimal 268)
   defining Unicode char U+010D (decimal 269)
   defining Unicode char U+010E (decimal 270)
   defining Unicode char U+010F (decimal 271)
   defining Unicode char U+0110 (decimal 272)
   defining Unicode char U+0111 (decimal 273)
   defining Unicode char U+0112 (decimal 274)
   defining Unicode char U+0113 (decimal 275)
   defining Unicode char U+0114 (decimal 276)
   defining Unicode char U+0115 (decimal 277)
   defining Unicode char U+0116 (decimal 278)
   defining Unicode char U+0117 (decimal 279)
   defining Unicode char U+0118 (decimal 280)
   defining Unicode char U+0119 (decimal 281)
   defining Unicode char U+011A (decimal 282)
   defining Unicode char U+011B (decimal 283)
   defining Unicode char U+011C (decimal 284)
   defining Unicode char U+011D (decimal 285)
   defining Unicode char U+011E (decimal 286)
   defining Unicode char U+011F (decimal 287)
   defining Unicode char U+0120 (decimal 288)
   defining Unicode char U+0121 (decimal 289)
   defining Unicode char U+0122 (decimal 290)
   defining Unicode char U+0123 (decimal 291)
   defining Unicode char U+0124 (decimal 292)
   defining Unicode char U+0125 (decimal 293)
   defining Unicode char U+0128 (decimal 296)
   defining Unicode char U+0129 (decimal 297)
   defining Unicode char U+012A (decimal 298)
   defining Unicode char U+012B (decimal 299)
   defining Unicode char U+012C (decimal 300)
   defining Unicode char U+012D (decimal 301)
   defining Unicode char U+012E (decimal 302)
   defining Unicode char U+012F (decimal 303)
   defining Unicode char U+0130 (decimal 304)
   defining Unicode char U+0131 (decimal 305)
   defining Unicode char U+0132 (decimal 306)
   defining Unicode char U+0133 (decimal 307)
   defining Unicode char U+0134 (decimal 308)
   defining Unicode char U+0135 (decimal 309)
   defining Unicode char U+0136 (decimal 310)
   defining Unicode char U+0137 (decimal 311)
   defining Unicode char U+0139 (decimal 313)
   defining Unicode char U+013A (decimal 314)
   defining Unicode char U+013B (decimal 315)
   defining Unicode char U+013C (decimal 316)
   defining Unicode char U+013D (decimal 317)
   defining Unicode char U+013E (decimal 318)
   defining Unicode char U+0141 (decimal 321)
   defining Unicode char U+0142 (decimal 322)
   defining Unicode char U+0143 (decimal 323)
   defining Unicode char U+0144 (decimal 324)
   defining Unicode char U+0145 (decimal 325)
   defining Unicode char U+0146 (decimal 326)
   defining Unicode char U+0147 (decimal 327)
   defining Unicode char U+0148 (decimal 328)
   defining Unicode char U+014A (decimal 330)
   defining Unicode char U+014B (decimal 331)
   defining Unicode char U+014C (decimal 332)
   defining Unicode char U+014D (decimal 333)
   defining Unicode char U+014E (decimal 334)
   defining Unicode char U+014F (decimal 335)
   defining Unicode char U+0150 (decimal 336)
   defining Unicode char U+0151 (decimal 337)
   defining Unicode char U+0152 (decimal 338)
   defining Unicode char U+0153 (decimal 339)
   defining Unicode char U+0154 (decimal 340)
   defining Unicode char U+0155 (decimal 341)
   defining Unicode char U+0156 (decimal 342)
   defining Unicode char U+0157 (decimal 343)
   defining Unicode char U+0158 (decimal 344)
   defining Unicode char U+0159 (decimal 345)
   defining Unicode char U+015A (decimal 346)
   defining Unicode char U+015B (decimal 347)
   defining Unicode char U+015C (decimal 348)
   defining Unicode char U+015D (decimal 349)
   defining Unicode char U+015E (decimal 350)
   defining Unicode char U+015F (decimal 351)
   defining Unicode char U+0160 (decimal 352)
   defining Unicode char U+0161 (decimal 353)
   defining Unicode char U+0162 (decimal 354)
   defining Unicode char U+0163 (decimal 355)
   defining Unicode char U+0164 (decimal 356)
   defining Unicode char U+0165 (decimal 357)
   defining Unicode char U+0168 (decimal 360)
   defining Unicode char U+0169 (decimal 361)
   defining Unicode char U+016A (decimal 362)
   defining Unicode char U+016B (decimal 363)
   defining Unicode char U+016C (decimal 364)
   defining Unicode char U+016D (decimal 365)
   defining Unicode char U+016E (decimal 366)
   defining Unicode char U+016F (decimal 367)
   defining Unicode char U+0170 (decimal 368)
   defining Unicode char U+0171 (decimal 369)
   defining Unicode char U+0172 (decimal 370)
   defining Unicode char U+0173 (decimal 371)
   defining Unicode char U+0174 (decimal 372)
   defining Unicode char U+0175 (decimal 373)
   defining Unicode char U+0176 (decimal 374)
   defining Unicode char U+0177 (decimal 375)
   defining Unicode char U+0178 (decimal 376)
   defining Unicode char U+0179 (decimal 377)
   defining Unicode char U+017A (decimal 378)
   defining Unicode char U+017B (decimal 379)
   defining Unicode char U+017C (decimal 380)
   defining Unicode char U+017D (decimal 381)
   defining Unicode char U+017E (decimal 382)
   defining Unicode char U+01CD (decimal 461)
   defining Unicode char U+01CE (decimal 462)
   defining Unicode char U+01CF (decimal 463)
   defining Unicode char U+01D0 (decimal 464)
   defining Unicode char U+01D1 (decimal 465)
   defining Unicode char U+01D2 (decimal 466)
   defining Unicode char U+01D3 (decimal 467)
   defining Unicode char U+01D4 (decimal 468)
   defining Unicode char U+01E2 (decimal 482)
   defining Unicode char U+01E3 (decimal 483)
   defining Unicode char U+01E6 (decimal 486)
   defining Unicode char U+01E7 (decimal 487)
   defining Unicode char U+01E8 (decimal 488)
   defining Unicode char U+01E9 (decimal 489)
   defining Unicode char U+01EA (decimal 490)
   defining Unicode char U+01EB (decimal 491)
   defining Unicode char U+01F0 (decimal 496)
   defining Unicode char U+01F4 (decimal 500)
   defining Unicode char U+01F5 (decimal 501)
   defining Unicode char U+0218 (decimal 536)
   defining Unicode char U+0219 (decimal 537)
   defining Unicode char U+021A (decimal 538)
   defining Unicode char U+021B (decimal 539)
   defining Unicode char U+0232 (decimal 562)
   defining Unicode char U+0233 (decimal 563)
   defining Unicode char U+1E02 (decimal 7682)
   defining Unicode char U+1E03 (decimal 7683)
   defining Unicode char U+200C (decimal 8204)
   defining Unicode char U+2010 (decimal 8208)
   defining Unicode char U+2011 (decimal 8209)
   defining Unicode char U+2012 (decimal 8210)
   defining Unicode char U+2013 (decimal 8211)
   defining Unicode char U+2014 (decimal 8212)
   defining Unicode char U+2015 (decimal 8213)
   defining Unicode char U+2018 (decimal 8216)
   defining Unicode char U+2019 (decimal 8217)
   defining Unicode char U+201A (decimal 8218)
   defining Unicode char U+201C (decimal 8220)
   defining Unicode char U+201D (decimal 8221)
   defining Unicode char U+201E (decimal 8222)
   defining Unicode char U+2030 (decimal 8240)
   defining Unicode char U+2031 (decimal 8241)
   defining Unicode char U+2039 (decimal 8249)
   defining Unicode char U+203A (decimal 8250)
   defining Unicode char U+2423 (decimal 9251)
   defining Unicode char U+1E20 (decimal 7712)
   defining Unicode char U+1E21 (decimal 7713)
)
Now handling font encoding OT1 ...
... processing UTF-8 mapping file for font encoding OT1

("C:\Program Files\MiKTeX 2.9\tex\latex\base\ot1enc.dfu"
File: ot1enc.dfu 2017/01/28 v1.1t UTF-8 support for inputenc
   defining Unicode char U+00A0 (decimal 160)
   defining Unicode char U+00A1 (decimal 161)
   defining Unicode char U+00A3 (decimal 163)
   defining Unicode char U+00AD (decimal 173)
   defining Unicode char U+00B8 (decimal 184)
   defining Unicode char U+00BF (decimal 191)
   defining Unicode char U+00C5 (decimal 197)
   defining Unicode char U+00C6 (decimal 198)
   defining Unicode char U+00D8 (decimal 216)
   defining Unicode char U+00DF (decimal 223)
   defining Unicode char U+00E6 (decimal 230)
   defining Unicode char U+00EC (decimal 236)
   defining Unicode char U+00ED (decimal 237)
   defining Unicode char U+00EE (decimal 238)
   defining Unicode char U+00EF (decimal 239)
   defining Unicode char U+00F8 (decimal 248)
   defining Unicode char U+0131 (decimal 305)
   defining Unicode char U+0141 (decimal 321)
   defining Unicode char U+0142 (decimal 322)
   defining Unicode char U+0152 (decimal 338)
   defining Unicode char U+0153 (decimal 339)
   defining Unicode char U+0174 (decimal 372)
   defining Unicode char U+0175 (decimal 373)
   defining Unicode char U+0176 (decimal 374)
   defining Unicode char U+0177 (decimal 375)
   defining Unicode char U+0218 (decimal 536)
   defining Unicode char U+0219 (decimal 537)
   defining Unicode char U+021A (decimal 538)
   defining Unicode char U+021B (decimal 539)
   defining Unicode char U+2013 (decimal 8211)
   defining Unicode char U+2014 (decimal 8212)
   defining Unicode char U+2018 (decimal 8216)
   defining Unicode char U+2019 (decimal 8217)
   defining Unicode char U+201C (decimal 8220)
   defining Unicode char U+201D (decimal 8221)
)
Now handling font encoding OMS ...
... processing UTF-8 mapping file for font encoding OMS

("C:\Program Files\MiKTeX 2.9\tex\latex\base\omsenc.dfu"
File: omsenc.dfu 2017/01/28 v1.1t UTF-8 support for inputenc
   defining Unicode char U+00A7 (decimal 167)
   defining Unicode char U+00B6 (decimal 182)
   defining Unicode char U+00B7 (decimal 183)
   defining Unicode char U+2020 (decimal 8224)
   defining Unicode char U+2021 (decimal 8225)
   defining Unicode char U+2022 (decimal 8226)
)
Now handling font encoding OMX ...
... no UTF-8 mapping file for font encoding OMX
Now handling font encoding U ...
... no UTF-8 mapping file for font encoding U
   defining Unicode char U+00A9 (decimal 169)
   defining Unicode char U+00AA (decimal 170)
   defining Unicode char U+00AE (decimal 174)
   defining Unicode char U+00BA (decimal 186)
   defining Unicode char U+02C6 (decimal 710)
   defining Unicode char U+02DC (decimal 732)
   defining Unicode char U+200C (decimal 8204)
   defining Unicode char U+2026 (decimal 8230)
   defining Unicode char U+2122 (decimal 8482)
   defining Unicode char U+2423 (decimal 9251)
))
("C:\Program Files\MiKTeX 2.9\tex\latex\booktabs\booktabs.sty"
Package: booktabs 2005/04/14 v1.61803 publication quality tables
\heavyrulewidth=\dimen104
\lightrulewidth=\dimen105
\cmidrulewidth=\dimen106
\belowrulesep=\dimen107
\belowbottomsep=\dimen108
\aboverulesep=\dimen109
\abovetopsep=\dimen110
\cmidrulesep=\dimen111
\cmidrulekern=\dimen112
\defaultaddspace=\dimen113
\@cmidla=\count89
\@cmidlb=\count90
\@aboverulesep=\dimen114
\@belowrulesep=\dimen115
\@thisruleclass=\count91
\@lastruleclass=\count92
\@thisrulewidth=\dimen116
)
("C:\Program Files\MiKTeX 2.9\tex\latex\caption\caption.sty"
Package: caption 2016/02/21 v3.3-144 Customizing captions (AR)

("C:\Program Files\MiKTeX 2.9\tex\latex\caption\caption3.sty"
Package: caption3 2016/05/22 v1.7-166 caption3 kernel (AR)
Package caption3 Info: TeX engine: e-TeX on input line 67.

("C:\Program Files\MiKTeX 2.9\tex\latex\graphics\keyval.sty"
Package: keyval 2014/10/28 v1.15 key=value parser (DPC)
\KV@toks@=\toks17
)
\captionmargin=\dimen117
\captionmargin@=\dimen118
\captionwidth=\dimen119
\caption@tempdima=\dimen120
\caption@indent=\dimen121
\caption@parindent=\dimen122
\caption@hangindent=\dimen123
)
\c@ContinuedFloat=\count93
)
("C:\Program Files\MiKTeX 2.9\tex\latex\threeparttable\threeparttable.sty"
Package: threeparttable 2003/06/13  v 3.0
\@tempboxb=\box26
)
("C:\Program Files\MiKTeX 2.9\tex\latex\graphics\graphicx.sty"
Package: graphicx 2017/06/01 v1.1a Enhanced LaTeX Graphics (DPC,SPQR)

("C:\Program Files\MiKTeX 2.9\tex\latex\graphics\graphics.sty"
Package: graphics 2017/06/25 v1.2c Standard LaTeX Graphics (DPC,SPQR)

("C:\Program Files\MiKTeX 2.9\tex\latex\graphics\trig.sty"
Package: trig 2016/01/03 v1.10 sin cos tan (DPC)
)
("C:\Program Files\MiKTeX 2.9\tex\latex\graphics-cfg\graphics.cfg"
File: graphics.cfg 2016/06/04 v1.11 sample graphics configuration
)
Package graphics Info: Driver file: pdftex.def on input line 99.

("C:\Program Files\MiKTeX 2.9\tex\latex\graphics-def\pdftex.def"
File: pdftex.def 2017/06/24 v1.0g Graphics/color driver for pdftex
))
\Gin@req@height=\dimen124
\Gin@req@width=\dimen125
)
("C:\Program Files\MiKTeX 2.9\tex\latex\float\float.sty"
Package: float 2001/11/08 v1.3d Float enhancements (AL)
\c@float@type=\count94
\float@exts=\toks18
\float@box=\box27
\@float@everytoks=\toks19
\@floatcapt=\box28
)
("C:\Program Files\MiKTeX 2.9\tex\latex\multirow\multirow.sty"
Package: multirow 2016/11/25 v2.2 Span multiple rows of a table
\multirow@colwidth=\skip43
\multirow@cntb=\count95
\multirow@dima=\skip44
\bigstrutjot=\dimen126
)
("C:\Program Files\MiKTeX 2.9\tex\latex\graphics\lscape.sty"
Package: lscape 2000/10/22 v3.01 Landscape Pages (DPC)
)
("C:\Program Files\MiKTeX 2.9\tex\latex\base\fontenc.sty"
Package: fontenc 2017/04/05 v2.0i Standard LaTeX package

("C:\Program Files\MiKTeX 2.9\tex\latex\base\t1enc.def"
File: t1enc.def 2017/04/05 v2.0i Standard LaTeX file
LaTeX Font Info:    Redeclaring font encoding T1 on input line 48.
))
("C:\Program Files\MiKTeX 2.9\tex\latex\setspace\setspace.sty"
Package: setspace 2011/12/19 v6.7a set line spacing
)
("C:\Program Files\MiKTeX 2.9\tex\latex\graphics\color.sty"
Package: color 2016/07/10 v1.1e Standard LaTeX Color (DPC)

("C:\Program Files\MiKTeX 2.9\tex\latex\graphics-cfg\color.cfg"
File: color.cfg 2016/01/02 v1.6 sample color configuration
)
Package color Info: Driver file: pdftex.def on input line 147.
)
("C:\Program Files\MiKTeX 2.9\tex\latex\apacite\apacite.sty"
Package: apacite 2013/07/21 v6.03 APA citation
\c@BibCnt=\count96
\bibleftmargin=\skip45
\bibindent=\skip46
\bibparsep=\skip47
\bibitemsep=\skip48
\biblabelsep=\skip49
)
("C:\Program Files\MiKTeX 2.9\tex\latex\geometry\geometry.sty"
Package: geometry 2010/09/12 v5.6 Page Geometry

("C:\Program Files\MiKTeX 2.9\tex\generic\oberdiek\ifpdf.sty"
Package: ifpdf 2017/03/15 v3.2 Provides the ifpdf switch
)
("C:\Program Files\MiKTeX 2.9\tex\generic\oberdiek\ifvtex.sty"
Package: ifvtex 2016/05/16 v1.6 Detect VTeX and its facilities (HO)
Package ifvtex Info: VTeX not detected.
)
("C:\Program Files\MiKTeX 2.9\tex\generic\ifxetex\ifxetex.sty"
Package: ifxetex 2010/09/12 v0.6 Provides ifxetex conditional
)
\Gm@cnth=\count97
\Gm@cntv=\count98
\c@Gm@tempcnt=\count99
\Gm@bindingoffset=\dimen127
\Gm@wd@mp=\dimen128
\Gm@odd@mp=\dimen129
\Gm@even@mp=\dimen130
\Gm@layoutwidth=\dimen131
\Gm@layoutheight=\dimen132
\Gm@layouthoffset=\dimen133
\Gm@layoutvoffset=\dimen134
\Gm@dimlist=\toks20

("C:\Program Files\MiKTeX 2.9\tex\latex\geometry\geometry.cfg"))
("C:\Program Files\MiKTeX 2.9\tex\latex\natbib\natbib.sty"
Package: natbib 2010/09/13 8.31b (PWD, AO)
\bibhang=\skip50
\bibsep=\skip51
LaTeX Info: Redefining \cite on input line 694.
LaTeX Info: Redefining \citeauthor on input line 712.
LaTeX Info: Redefining \citeyear on input line 735.
\c@NAT@ctr=\count100
) (tesis.aux
LaTeX Info: Redefining \. on input line 6.
LaTeX Info: Redefining \% on input line 6.
LaTeX Info: Redefining \. on input line 10.
LaTeX Info: Redefining \% on input line 10.
)
\openout1 = `tesis.aux'.

LaTeX Font Info:    Checking defaults for OML/cmm/m/it on input line 23.
LaTeX Font Info:    ... okay on input line 23.
LaTeX Font Info:    Checking defaults for T1/cmr/m/n on input line 23.
LaTeX Font Info:    ... okay on input line 23.
LaTeX Font Info:    Checking defaults for OT1/cmr/m/n on input line 23.
LaTeX Font Info:    ... okay on input line 23.
LaTeX Font Info:    Checking defaults for OMS/cmsy/m/n on input line 23.
LaTeX Font Info:    ... okay on input line 23.
LaTeX Font Info:    Checking defaults for OMX/cmex/m/n on input line 23.
LaTeX Font Info:    ... okay on input line 23.
LaTeX Font Info:    Checking defaults for U/cmr/m/n on input line 23.
LaTeX Font Info:    ... okay on input line 23.
LaTeX Info: Redefining \. on input line 23.
LaTeX Info: Redefining \% on input line 23.
Package caption Info: Begin \AtBeginDocument code.
Package caption Info: float package is loaded.
Package caption Info: threeparttable package is loaded.
Package caption Info: End \AtBeginDocument code.

("C:\Program Files\MiKTeX 2.9\tex\context\base\supp-pdf.mkii"
[Loading MPS to PDF converter (version 2006.09.02).]
\scratchcounter=\count101
\scratchdimen=\dimen135
\scratchbox=\box29
\nofMPsegments=\count102
\nofMParguments=\count103
\everyMPshowfont=\toks21
\MPscratchCnt=\count104
\MPscratchDim=\dimen136
\MPnumerator=\count105
\makeMPintoPDFobject=\count106
\everyMPtoPDFconversion=\toks22
) ("C:\Program Files\MiKTeX 2.9\tex\latex\oberdiek\epstopdf-base.sty"
Package: epstopdf-base 2016/05/15 v2.6 Base part for package epstopdf

("C:\Program Files\MiKTeX 2.9\tex\generic\oberdiek\infwarerr.sty"
Package: infwarerr 2016/05/16 v1.4 Providing info/warning/error messages (HO)
)
("C:\Program Files\MiKTeX 2.9\tex\latex\oberdiek\grfext.sty"
Package: grfext 2016/05/16 v1.2 Manage graphics extensions (HO)

("C:\Program Files\MiKTeX 2.9\tex\generic\oberdiek\kvdefinekeys.sty"
Package: kvdefinekeys 2016/05/16 v1.4 Define keys (HO)

("C:\Program Files\MiKTeX 2.9\tex\generic\oberdiek\ltxcmds.sty"
Package: ltxcmds 2016/05/16 v1.23 LaTeX kernel commands for general use (HO)
)))
("C:\Program Files\MiKTeX 2.9\tex\latex\oberdiek\kvoptions.sty"
Package: kvoptions 2016/05/16 v3.12 Key value format for package options (HO)

("C:\Program Files\MiKTeX 2.9\tex\generic\oberdiek\kvsetkeys.sty"
Package: kvsetkeys 2016/05/16 v1.17 Key value parser (HO)

("C:\Program Files\MiKTeX 2.9\tex\generic\oberdiek\etexcmds.sty"
Package: etexcmds 2016/05/16 v1.6 Avoid name clashes with e-TeX commands (HO)

("C:\Program Files\MiKTeX 2.9\tex\generic\oberdiek\ifluatex.sty"
Package: ifluatex 2016/05/16 v1.4 Provides the ifluatex switch (HO)
Package ifluatex Info: LuaTeX not detected.
)
Package etexcmds Info: Could not find \expanded.
(etexcmds)             That can mean that you are not using pdfTeX 1.50 or
(etexcmds)             that some package has redefined \expanded.
(etexcmds)             In the latter case, load this package earlier.
)))
("C:\Program Files\MiKTeX 2.9\tex\generic\oberdiek\pdftexcmds.sty"
Package: pdftexcmds 2017/03/19 v0.25 Utility functions of pdfTeX for LuaTeX (HO
)
Package pdftexcmds Info: LuaTeX not detected.
Package pdftexcmds Info: \pdf@primitive is available.
Package pdftexcmds Info: \pdf@ifprimitive is available.
Package pdftexcmds Info: \pdfdraftmode found.
)
Package epstopdf-base Info: Redefining graphics rule for `.eps' on input line 4
38.
Package grfext Info: Graphics extension search list:
(grfext)             [.pdf,.png,.jpg,.mps,.jpeg,.jbig2,.jb2,.PDF,.PNG,.JPG,.JPE
G,.JBIG2,.JB2,.eps]
(grfext)             \AppendGraphicsExtensions on input line 456.
)
\c@maskedRefs=\count107

("C:\Program Files\MiKTeX 2.9\tex\latex\apacite\spanish.apc"
File: spanish.apc 2013/07/21 v6.03 apacite language file
LaTeX Info: Redefining \BPBI on input line 138.
LaTeX Info: Redefining \BHBI on input line 139.
)
*geometry* driver: auto-detecting
*geometry* detected driver: pdftex
*geometry* verbose mode - [ preamble ] result:
* driver: pdftex
* paper: a4paper
* layout: <same size as paper>
* layoutoffset:(h,v)=(0.0pt,0.0pt)
* modes: 
* h-part:(L,W,R)=(113.81102pt, 415.41042pt, 68.28644pt)
* v-part:(T,H,B)=(113.81102pt, 617.4248pt, 113.81102pt)
* \paperwidth=597.50787pt
* \paperheight=845.04684pt
* \textwidth=415.41042pt
* \textheight=617.4248pt
* \oddsidemargin=41.54103pt
* \evensidemargin=41.54103pt
* \topmargin=4.54103pt
* \headheight=12.0pt
* \headsep=25.0pt
* \topskip=12.0pt
* \footskip=30.0pt
* \marginparwidth=35.0pt
* \marginparsep=10.0pt
* \columnsep=10.0pt
* \skip\footins=10.8pt plus 4.0pt minus 2.0pt
* \hoffset=0.0pt
* \voffset=0.0pt
* \mag=1000
* \@twocolumnfalse
* \@twosidefalse
* \@mparswitchfalse
* \@reversemarginfalse
* (1in=72.27pt=25.4mm, 1cm=28.453pt)

[1

{C:/Users/MARCO CALLE/AppData/Local/MiKTeX/2.9/pdftex/config/pdftex.map}]
(tesis.toc
LaTeX Info: Redefining \. on input line 1.
LaTeX Info: Redefining \% on input line 1.
LaTeX Info: Redefining \. on input line 2.
LaTeX Info: Redefining \% on input line 2.
LaTeX Font Info:    External font `cmex10' loaded for size
(Font)              <12> on input line 4.
LaTeX Font Info:    External font `cmex10' loaded for size
(Font)              <8> on input line 4.
LaTeX Font Info:    External font `cmex10' loaded for size
(Font)              <6> on input line 4.
 [1])
\tf@toc=\write3
\openout3 = `tesis.toc'.

 (tesis.lot
LaTeX Info: Redefining \. on input line 1.
LaTeX Info: Redefining \% on input line 1.
LaTeX Info: Redefining \. on input line 2.
LaTeX Info: Redefining \% on input line 2.
)
\tf@lot=\write4
\openout4 = `tesis.lot'.

 (tesis.lof
LaTeX Info: Redefining \. on input line 1.
LaTeX Info: Redefining \% on input line 1.
LaTeX Info: Redefining \. on input line 2.
LaTeX Info: Redefining \% on input line 2.
)
\tf@lof=\write5
\openout5 = `tesis.lof'.

 [2] [3] [4] [5] [6] [7]
LaTeX Font Info:    Try loading font information for OMS+cmr on input line 142.


("C:\Program Files\MiKTeX 2.9\tex\latex\base\omscmr.fd"
File: omscmr.fd 2014/09/29 v2.5h Standard LaTeX font definitions
)
LaTeX Font Info:    Font shape `OMS/cmr/m/n' in size <12> not available
(Font)              Font shape `OMS/cmsy/m/n' tried instead on input line 142.
 [8] [9] [10]
Underfull \hbox (badness 3965) in paragraph at lines 214--214
[]\T1/cmr/bx/n/12 Pilares Es-
 []


Underfull \hbox (badness 1394) in paragraph at lines 214--214
[]\T1/cmr/bx/n/12 Objetivos Es-tra-té-
 []


Overfull \vbox (29.00002pt too high) detected at line 215
 []


Overfull \vbox (29.00002pt too high) detected at line 215
 []


Overfull \hbox (14.22638pt too wide) in paragraph at lines 215--215
[][]| 
 []


Underfull \hbox (badness 1264) in paragraph at lines 215--215
\T1/cmr/m/n/12 ope-ra-ción en to-das las
 []


Overfull \vbox (29.00002pt too high) detected at line 217
 []


Overfull \vbox (43.50002pt too high) detected at line 217
 []


Overfull \hbox (5.69046pt too wide) in paragraph at lines 217--217
[][]| 
 []


Overfull \vbox (43.50002pt too high) detected at line 219
 []


Overfull \vbox (58.00002pt too high) detected at line 219
 []


Underfull \hbox (badness 2970) in paragraph at lines 219--219
\T1/cmr/m/n/12 duc-ción y es-tan-da-ri-zar
 []


Underfull \hbox (badness 10000) in paragraph at lines 219--219
[]\T1/cmr/m/n/12 Procesos
 []


Overfull \vbox (29.00003pt too high) detected at line 221
 []


Overfull \vbox (43.50003pt too high) detected at line 221
 []


Underfull \hbox (badness 3291) in paragraph at lines 222--222
[]\T1/cmr/m/n/12 Establecer mé-to-dos de
 []


Underfull \hbox (badness 3291) in paragraph at lines 223--223
[]\T1/cmr/m/n/12 Establecer mé-to-dos de
 []


Overfull \hbox (16.70177pt too wide) in paragraph at lines 212--226
 [][] 
 []

[11] [12]
Underfull \hbox (badness 10000) in paragraph at lines 243--244

 []


Overfull \hbox (1.78116pt too wide) in paragraph at lines 252--252
[]\T1/cmr/bx/n/12 Código| 
 []


Overfull \hbox (4.22638pt too wide) in paragraph at lines 252--252
[]\T1/cmr/bx/n/12 E1| 
 []


Overfull \hbox (4.22638pt too wide) in paragraph at lines 252--252
[]\T1/cmr/bx/n/12 E2| 
 []


Overfull \hbox (4.22638pt too wide) in paragraph at lines 252--252
[]\T1/cmr/bx/n/12 E3| 
 []


Overfull \hbox (4.22638pt too wide) in paragraph at lines 252--252
[]\T1/cmr/bx/n/12 E4| 
 []


Overfull \hbox (4.22638pt too wide) in paragraph at lines 252--252
[]\T1/cmr/bx/n/12 E5| 
 []


Overfull \hbox (4.22638pt too wide) in paragraph at lines 252--252
[]\T1/cmr/bx/n/12 E6| 
 []


Overfull \hbox (4.22638pt too wide) in paragraph at lines 252--252
[]\T1/cmr/bx/n/12 E7| 
 []


Overfull \hbox (4.22638pt too wide) in paragraph at lines 252--252
[]\T1/cmr/bx/n/12 E8| 
 []


Overfull \hbox (4.22638pt too wide) in paragraph at lines 252--252
[]\T1/cmr/bx/n/12 E9| 
 []


Underfull \hbox (badness 2846) in paragraph at lines 259--259
[]\T1/cmr/m/n/12 Contar con co-la-bo-ra-do-res con
 []


Overfull \hbox (29.56807pt too wide) in paragraph at lines 250--263
 [][] 
 []

<Diapositiva1.jpg, id=51, 722.7pt x 542.025pt>
File: Diapositiva1.jpg Graphic file (type jpg)
<use Diapositiva1.jpg>
Package pdftex.def Info: Diapositiva1.jpg  used on input line 271. on input lin
e 271.
Package pdftex.def Info: Requested size: 456.95398pt x 342.71814pt on input lin
e 271.

Overfull \hbox (41.54356pt too wide) in paragraph at lines 271--273
 [][] 
 []

[13] [14 <./Diapositiva1.jpg>] [15] [16]
Overfull \hbox (3.18535pt too wide) in paragraph at lines 346--346
[]\T1/cmr/bx/n/12 Valor
 []


Underfull \hbox (badness 10000) in paragraph at lines 346--346
\T1/cmr/bx/n/12 ac-
 []


Overfull \hbox (2.31749pt too wide) in paragraph at lines 346--346
[]\T1/cmr/bx/n/12 Meta| 
 []


Overfull \hbox (4.8641pt too wide) in paragraph at lines 347--347
[]|\T1/cmr/bx/n/12 Financiera|  
 []


Underfull \hbox (badness 1043) in paragraph at lines 347--347
[]\T1/cmr/m/n/12 Reducir cos-tos de ope-ra-
 []


Overfull \hbox (71.1319pt too wide) in paragraph at lines 349--349
[][]| 
 []


Underfull \hbox (badness 2126) in paragraph at lines 349--349
[]\T1/cmr/m/n/12 Incrementar la par-ti-ci-pa-
 []


Underfull \hbox (badness 2126) in paragraph at lines 350--350
[]\T1/cmr/m/n/12 Incrementar la par-ti-ci-pa-
 []


Overfull \hbox (14.22638pt too wide) in paragraph at lines 352--352
[][]| 
 []


Overfull \vbox (29.00002pt too high) detected at line 353
 []


Underfull \hbox (badness 2564) in paragraph at lines 354--354
[]\T1/cmr/m/n/12 Reducción de des-per-di-
 []


Overfull \hbox (9.10176pt too wide) in paragraph at lines 355--355
[]|\T1/cmr/bx/n/12 Aprendizaje 
 []


Underfull \hbox (badness 10000) in paragraph at lines 355--355
[]\T1/cmr/m/n/12 Porcentaje de cum-pli-
 []


Underfull \hbox (badness 10000) in paragraph at lines 355--355
\T1/cmr/m/n/12 mien-to de pla-nes de
 []


Overfull \hbox (0.9572pt too wide) in paragraph at lines 355--355
[]\T1/cmr/m/n/12 100$ $%| 
 []


Underfull \hbox (badness 1354) in paragraph at lines 356--356
[]\T1/cmr/m/n/12 Porcentaje de co-la-bo-ra-
 []


Underfull \hbox (badness 2452) in paragraph at lines 356--356
\T1/cmr/m/n/12 do-res con co-no-ci-mien-to
 []


Underfull \hbox (badness 5302) in paragraph at lines 356--356
\T1/cmr/m/n/12 de man-te-ni-mien-to pre-
 []


Overfull \hbox (0.9572pt too wide) in paragraph at lines 357--357
[]\T1/cmr/m/n/12 100$ $%| 
 []


Overfull \hbox (0.9572pt too wide) in paragraph at lines 358--358
[]\T1/cmr/m/n/12 100$ $%| 
 []


Overfull \hbox (42.92812pt too wide) in paragraph at lines 344--360
 [][] 
 []

[17]
Overfull \vbox (3.07495pt too high) has occurred while \output is active []


[18]
Overfull \vbox (43.50003pt too high) detected at line 372
 []


Underfull \hbox (badness 10000) in paragraph at lines 375--375
[]\T1/cmr/m/n/12 Establecer sis-te-ma de
 []


Underfull \hbox (badness 4048) in paragraph at lines 379--379
[]\T1/cmr/bx/n/12 Aprendizaje y
 []


Underfull \hbox (badness 4048) in paragraph at lines 380--380
[]\T1/cmr/bx/n/12 Aprendizaje y
 []


Underfull \hbox (badness 2846) in paragraph at lines 380--380
[]\T1/cmr/m/n/12 Contar con co-la-bo-ra-do-res con
 []


Underfull \hbox (badness 4048) in paragraph at lines 381--381
[]\T1/cmr/bx/n/12 Aprendizaje y
 []


Underfull \hbox (badness 4048) in paragraph at lines 382--382
[]\T1/cmr/bx/n/12 Aprendizaje y
 []


Overfull \hbox (10.39223pt too wide) in paragraph at lines 369--384
 [][] 
 []


Underfull \hbox (badness 10000) in paragraph at lines 396--396
[]\T1/cmr/bx/n/12 Recepción de
 []


Underfull \hbox (badness 10000) in paragraph at lines 396--396
[]\T1/cmr/bx/n/12 Distribución pro-
 []


Overfull \hbox (14.22638pt too wide) in paragraph at lines 397--397
[][]| 
 []


Underfull \hbox (badness 2512) in paragraph at lines 397--397
[]\T1/cmr/m/n/12 Operadores Cor-ta-do-
 []


Overfull \hbox (14.22638pt too wide) in paragraph at lines 401--401
[][]| 
 []


Overfull \hbox (14.22638pt too wide) in paragraph at lines 406--406
[][]| 
 []


Underfull \hbox (badness 1231) in paragraph at lines 409--409
[]\T1/cmr/m/n/12 Hojas de con-trol de
 []


Underfull \hbox (badness 3919) in paragraph at lines 410--410
[]\T1/cmr/bx/n/12 Servicios y
 []


Underfull \hbox (badness 6110) in paragraph at lines 410--410
[]\T1/cmr/m/n/12 Producción de pro-
 []


Overfull \hbox (19.35223pt too wide) in paragraph at lines 411--411
[]|\T1/cmr/bx/n/12 Regulaciones|  
 []


Underfull \hbox (badness 10000) in paragraph at lines 411--411
\T1/cmr/m/n/12 bien-tal(Ministerio
 []


Underfull \hbox (badness 2600) in paragraph at lines 411--411
\T1/cmr/m/n/12 ba-ja-do-res y me-jo-ra-
 []


Underfull \hbox (badness 2600) in paragraph at lines 411--411
\T1/cmr/m/n/12 ba-ja-do-res y me-jo-ra-
 []


Underfull \hbox (badness 10000) in paragraph at lines 413--413
[]\T1/cmr/m/n/12 Reglamento de
 []


Underfull \hbox (badness 10000) in paragraph at lines 413--413
\T1/cmr/m/n/12 de tra-ba-ja-do-
 []


Underfull \hbox (badness 10000) in paragraph at lines 413--413
\T1/cmr/m/n/12 res(Ministerio de
 []


Underfull \hbox (badness 10000) in paragraph at lines 414--414
[]\T1/cmr/m/n/12 Registro Úni-co
 []


Underfull \hbox (badness 10000) in paragraph at lines 414--414
\T1/cmr/m/n/12 de Con-tri-bu-yen-
 []


Underfull \hbox (badness 10000) in paragraph at lines 414--414
[]\T1/cmr/m/n/12 Ley Or-gá-ni-ca de
 []


Underfull \hbox (badness 1107) in paragraph at lines 414--414
\T1/cmr/m/n/12 Trans-por-te Te-rres-tre,
 []


Overfull \hbox (30.92815pt too wide) in paragraph at lines 394--416
 [][] 
 []

[19]
<CadenadeValor.jpg, id=75, 722.7pt x 542.025pt>
File: CadenadeValor.jpg Graphic file (type jpg)
<use CadenadeValor.jpg>
Package pdftex.def Info: CadenadeValor.jpg  used on input line 423. on input li
ne 423.
Package pdftex.def Info: Requested size: 456.95398pt x 342.71814pt on input lin
e 423.

Overfull \hbox (41.54356pt too wide) in paragraph at lines 423--425
 [][] 
 []

[20]
Overfull \hbox (1.82666pt too wide) in paragraph at lines 440--440
[]\T1/cmr/bx/n/12 Responsable
 []


Underfull \hbox (badness 10000) in paragraph at lines 441--441
[]\T1/cmr/m/n/12 Devolución de
 []


Underfull \hbox (badness 10000) in paragraph at lines 441--441
\T1/cmr/m/n/12 pro-duc-tos por
 []


Underfull \hbox (badness 10000) in paragraph at lines 441--441
\T1/cmr/m/n/12 in-cum-pli-mien-tos
 []


Underfull \hbox (badness 10000) in paragraph at lines 441--441
[]\T1/cmr/m/n/12 Control me-dian-te
 []


Underfull \hbox (badness 10000) in paragraph at lines 441--441
[]\T1/cmr/m/n/12 Hojas de
 []


Underfull \hbox (badness 4846) in paragraph at lines 442--442
\T1/cmr/m/n/12 que-tes con da-tos
 []


Underfull \hbox (badness 10000) in paragraph at lines 442--442
\T1/cmr/m/n/12 pro-duc-tos
 []


Underfull \hbox (badness 10000) in paragraph at lines 442--442
\T1/cmr/m/n/12 em-bar-ca-
 []


Underfull \hbox (badness 10000) in paragraph at lines 443--443
[]\T1/cmr/m/n/12 Solicitud
 []


Underfull \hbox (badness 10000) in paragraph at lines 443--443
\T1/cmr/m/n/12 de pe-
 []


Underfull \hbox (badness 10000) in paragraph at lines 443--443
\T1/cmr/m/n/12 di-do a
 []


Underfull \hbox (badness 1122) in paragraph at lines 444--444
[]\T1/cmr/m/n/12 Daños en equi-
 []


Underfull \hbox (badness 1184) in paragraph at lines 444--444
\T1/cmr/m/n/12 pos de pro-duc-
 []


Underfull \hbox (badness 10000) in paragraph at lines 444--444
[]\T1/cmr/m/n/12 Control me-dian-te
 []


Underfull \hbox (badness 10000) in paragraph at lines 444--444
\T1/cmr/m/n/12 Man-te-ni-mien-to
 []


Underfull \hbox (badness 10000) in paragraph at lines 444--444
[]\T1/cmr/m/n/12 Hojas de
 []


Underfull \hbox (badness 10000) in paragraph at lines 445--445
[]\T1/cmr/m/n/12 Problemas
 []


Underfull \hbox (badness 10000) in paragraph at lines 445--445
\T1/cmr/m/n/12 le-ga-les con
 []


Underfull \hbox (badness 10000) in paragraph at lines 445--445
\T1/cmr/m/n/12 pro-vee-do-res o
 []


Underfull \hbox (badness 10000) in paragraph at lines 445--445
\T1/cmr/m/n/12 clien-tes por
 []


Underfull \hbox (badness 10000) in paragraph at lines 445--445
\T1/cmr/m/n/12 in-cum-pli-mien-tos
 []


Underfull \hbox (badness 1038) in paragraph at lines 445--445
[]\T1/cmr/m/n/12 Validación de que
 []


Underfull \hbox (badness 10000) in paragraph at lines 445--445
[]\T1/cmr/m/n/12 Contratos
 []


Underfull \hbox (badness 4181) in paragraph at lines 446--446
[]\T1/cmr/m/n/12 Lesiones y ac-
 []


Underfull \hbox (badness 10000) in paragraph at lines 446--446
[]\T1/cmr/m/n/12 Registro
 []


Overfull \hbox (28.70175pt too wide) in paragraph at lines 437--448
 [][] 
 []

[21 <./CadenadeValor.jpg>]
<Organigrama.jpg, id=82, 722.7pt x 542.025pt>
File: Organigrama.jpg Graphic file (type jpg)
<use Organigrama.jpg>
Package pdftex.def Info: Organigrama.jpg  used on input line 455. on input line
 455.
Package pdftex.def Info: Requested size: 415.41042pt x 311.55443pt on input lin
e 455.
 [22] [23 <./Organigrama.jpg>] [24] [25]
Underfull \hbox (badness 7832) in paragraph at lines 501--501
[]\T1/cmr/m/n/12 Espacio fí-si-co y equi-po
 []


Overfull \vbox (14.50003pt too high) detected at line 501
 []


Underfull \hbox (badness 10000) in paragraph at lines 504--504
[]\T1/cmr/m/n/12 Incrementar vo-lu-men de
 []


Underfull \hbox (badness 10000) in paragraph at lines 504--504
\T1/cmr/m/n/12 ven-tas en pro-duc-tos y
 []


Overfull \vbox (58.00003pt too high) detected at line 504
 []


Underfull \hbox (badness 3780) in paragraph at lines 508--508
[]\T1/cmr/m/n/12 Personal ca-pa-ci-ta-do pa-ra
 []


Overfull \hbox (18.92816pt too wide) in paragraph at lines 498--513
 [][] 
 []

[26] [27]
Underfull \hbox (badness 2073) in paragraph at lines 528--528
[]\T1/cmr/m/n/12 Implementar una pro-duc-
 []


Underfull \hbox (badness 3271) in paragraph at lines 530--530
[]\T1/cmr/m/n/12 Implementar pro-ce-sos es-
 []

[28] (tesis.aux
LaTeX Info: Redefining \. on input line 6.
LaTeX Info: Redefining \% on input line 6.
LaTeX Info: Redefining \. on input line 10.
LaTeX Info: Redefining \% on input line 10.
) )
(\end occurred inside a group at level 1)

### semi simple group (level 1) entered at line 61 (\begingroup)
### bottom level 
Here is how much of TeX's memory you used:
 5479 strings out of 493312
 77025 string characters out of 3138878
 165434 words of memory out of 3000000
 8921 multiletter control sequences out of 15000+200000
 13929 words of font info for 33 fonts, out of 3000000 for 9000
 1141 hyphenation exceptions out of 8191
 41i,12n,38p,608b,407s stack positions out of 5000i,500n,10000p,200000b,50000s
 <C:\Users\MARCO CALLE\AppData\Local\MiKTeX\2.9\fonts\pk\ljfour
\jknappen\ec\dpi600\ecrm1095.pk> <C:\Users\MARCO CALLE\AppData\Local\MiKTeX\2.9
\fonts\pk\ljfour\jknappen\ec\dpi600\ecti1095.pk> <C:\Users\MARCO CALLE\AppData\
Local\MiKTeX\2.9\fonts\pk\ljfour\jknappen\ec\dpi600\ecbx1095.pk> <C:\Users\MARC
O CALLE\AppData\Local\MiKTeX\2.9\fonts\pk\ljfour\jknappen\ec\dpi600\ecbx1440.pk
> <C:\Users\MARCO CALLE\AppData\Local\MiKTeX\2.9\fonts\pk\ljfour\jknappen\ec\dp
i600\ecti1200.pk> <C:\Users\MARCO CALLE\AppData\Local\MiKTeX\2.9\fonts\pk\ljfou
r\jknappen\ec\dpi600\ecbx1728.pk> <C:\Users\MARCO CALLE\AppData\Local\MiKTeX\2.
9\fonts\pk\ljfour\jknappen\ec\dpi600\ecrm1200.pk> <C:\Users\MARCO CALLE\AppData
\Local\MiKTeX\2.9\fonts\pk\ljfour\jknappen\ec\dpi600\ecbx1200.pk><C:/Program Fi
les/MiKTeX 2.9/fonts/type1/public/amsfonts/cm/cmsy10.pfb>
Output written on tesis.pdf (29 pages, 379449 bytes).
PDF statistics:
 439 PDF objects out of 1000 (max. 8388607)
 0 named destinations out of 1000 (max. 500000)
 16 words of extra memory for PDF output out of 10000 (max. 10000000)

